<?xml version="1.0" encoding="UTF-8"?>
<!-- Generated by org.testng.reporters.JUnitReportReporter -->
<testsuite skipped="0" hostname="Vector2012" name="com.TestNG.invocationCountTest" tests="10" failures="0" timestamp="15 Aug 2018 02:48:52 GMT" time="0.101" errors="0">
  <testcase name="sum" time="0.006" classname="com.TestNG.invocationCountTest"/>
  <testcase name="sum" time="0.002" classname="com.TestNG.invocationCountTest"/>
  <testcase name="sum" time="0.025" classname="com.TestNG.invocationCountTest"/>
  <testcase name="sum" time="0.049" classname="com.TestNG.invocationCountTest"/>
  <testcase name="sum" time="0.002" classname="com.TestNG.invocationCountTest"/>
  <testcase name="sum" time="0.003" classname="com.TestNG.invocationCountTest"/>
  <testcase name="sum" time="0.004" classname="com.TestNG.invocationCountTest"/>
  <testcase name="sum" time="0.003" classname="com.TestNG.invocationCountTest"/>
  <testcase name="sum" time="0.004" classname="com.TestNG.invocationCountTest"/>
  <testcase name="sum" time="0.003" classname="com.TestNG.invocationCountTest"/>
</testsuite> <!-- com.TestNG.invocationCountTest -->
