<?xml version="1.0" encoding="UTF-8"?>
<!-- Generated by org.testng.reporters.JUnitReportReporter -->
<testsuite skipped="0" hostname="Vector2012" name="com.TestNG.ExceptionTimeOutTest" tests="1" failures="0" timestamp="15 Aug 2018 02:48:52 GMT" time="0.003" errors="0">
  <testcase name="test1" time="0.003" classname="com.TestNG.ExceptionTimeOutTest"/>
</testsuite> <!-- com.TestNG.ExceptionTimeOutTest -->
