<?xml version="1.0" encoding="UTF-8"?>
<!-- Generated by org.testng.reporters.JUnitReportReporter -->
<testsuite skipped="0" hostname="Vector2012" name="com.TestNG.GoogleTitleTest" tests="2" failures="0" timestamp="15 Aug 2018 02:48:52 GMT" time="37.023" errors="0">
  <testcase name="googleTitleTest" time="19.273" classname="com.TestNG.GoogleTitleTest"/>
  <testcase name="googleLogoTest" time="17.750" classname="com.TestNG.GoogleTitleTest"/>
</testsuite> <!-- com.TestNG.GoogleTitleTest -->
