<?xml version="1.0" encoding="UTF-8"?>
<!-- Generated by org.testng.reporters.JUnitReportReporter -->
<testsuite skipped="0" hostname="Vector2012" name="com.TestNG.TestNGFeatures" tests="1" failures="0" timestamp="15 Aug 2018 02:48:52 GMT" time="0.002" errors="0">
  <testcase name="loginTest" time="0.002" classname="com.TestNG.TestNGFeatures"/>
</testsuite> <!-- com.TestNG.TestNGFeatures -->
