<?xml version="1.0" encoding="UTF-8"?>
<!-- Generated by org.testng.reporters.JUnitReportReporter -->
<testsuite skipped="0" hostname="Vector2012" name="com.TestNG.GoogleTestCase2" tests="6" failures="0" timestamp="15 Aug 2018 01:22:21 GMT" time="163.882" errors="0">
  <testcase name="googleTitleTest" time="35.110" classname="com.TestNG.GoogleTestCase2"/>
  <testcase name="googleLogoTest" time="20.857" classname="com.TestNG.GoogleTestCase2"/>
  <testcase name="mailLinkTest" time="16.631" classname="com.TestNG.GoogleTestCase2"/>
  <testcase name="test1" time="44.059" classname="com.TestNG.GoogleTestCase2"/>
  <testcase name="test2" time="24.704" classname="com.TestNG.GoogleTestCase2"/>
  <testcase name="test3" time="22.521" classname="com.TestNG.GoogleTestCase2"/>
</testsuite> <!-- com.TestNG.GoogleTestCase2 -->
