<?xml version="1.0" encoding="UTF-8"?>
<!-- Generated by org.testng.reporters.JUnitReportReporter -->
<testsuite skipped="0" hostname="Vector2012" name="com.TestNG.GoogleTest" tests="3" failures="0" timestamp="15 Aug 2018 00:50:11 GMT" time="63.890" errors="0">
  <testcase name="googleTitleTest" time="18.410" classname="com.TestNG.GoogleTest"/>
  <testcase name="googleLogoTest" time="26.508" classname="com.TestNG.GoogleTest"/>
  <testcase name="mailLinkTest" time="18.972" classname="com.TestNG.GoogleTest"/>
</testsuite> <!-- com.TestNG.GoogleTest -->
