<?xml version="1.0" encoding="UTF-8"?>
<!-- Generated by org.testng.reporters.JUnitReportReporter -->
<testsuite skipped="0" hostname="Vector2012" name="com.TestNG.TestNGBasic" tests="3" failures="0" timestamp="15 Aug 2018 02:48:52 GMT" time="0.018" errors="0">
  <testcase name="searchTest" time="0.003" classname="com.TestNG.TestNGBasic"/>
  <testcase name="googleTitleTest" time="0.006" classname="com.TestNG.TestNGBasic"/>
  <testcase name="googleLogoTest" time="0.009" classname="com.TestNG.TestNGBasic"/>
</testsuite> <!-- com.TestNG.TestNGBasic -->
